[0.430s] DEBUG:colcon:Command line arguments: ['/usr/bin/colcon', 'build']
[0.430s] DEBUG:colcon:Parsed command line arguments: Namespace(log_base=None, log_level=None, verb_name='build', build_base='build', install_base='install', merge_install=False, symlink_install=False, test_result_base=None, continue_on_error=False, executor='parallel', parallel_workers=20, event_handlers=None, ignore_user_meta=False, metas=['./colcon.meta'], base_paths=['.'], packages_ignore=None, packages_ignore_regex=None, paths=None, packages_up_to=None, packages_up_to_regex=None, packages_above=None, packages_above_and_dependencies=None, packages_above_depth=None, packages_select_by_dep=None, packages_skip_by_dep=None, packages_skip_up_to=None, packages_select_build_failed=False, packages_skip_build_finished=False, packages_select_test_failures=False, packages_skip_test_passed=False, packages_select=None, packages_skip=None, packages_select_regex=None, packages_skip_regex=None, packages_start=None, packages_end=None, allow_overriding=[], cmake_args=None, cmake_target=None, cmake_target_skip_unavailable=False, cmake_clean_cache=False, cmake_clean_first=False, cmake_force_configure=False, ament_cmake_args=None, catkin_cmake_args=None, catkin_skip_building_tests=False, verb_parser=<colcon_defaults.argument_parser.defaults.DefaultArgumentsDecorator object at 0x74cecabcf250>, verb_extension=<colcon_core.verb.build.BuildVerb object at 0x74cecabcf430>, main=<bound method BuildVerb.main of <colcon_core.verb.build.BuildVerb object at 0x74cecabcf430>>)
[0.450s] Level 1:colcon.colcon_core.package_discovery:discover_packages(colcon_meta) check parameters
[0.450s] Level 1:colcon.colcon_core.package_discovery:discover_packages(recursive) check parameters
[0.451s] Level 1:colcon.colcon_core.package_discovery:discover_packages(ignore) check parameters
[0.451s] Level 1:colcon.colcon_core.package_discovery:discover_packages(path) check parameters
[0.451s] Level 1:colcon.colcon_core.package_discovery:discover_packages(colcon_meta) discover
[0.451s] Level 1:colcon.colcon_core.package_discovery:discover_packages(recursive) discover
[0.451s] INFO:colcon.colcon_core.package_discovery:Crawling recursively for packages in '/home/emile/ros2_ws/src/rover'
[0.451s] Level 1:colcon.colcon_core.package_identification:_identify(.) by extensions ['ignore', 'ignore_ament_install']
[0.451s] Level 1:colcon.colcon_core.package_identification:_identify(.) by extension 'ignore'
[0.451s] Level 1:colcon.colcon_core.package_identification:_identify(.) by extension 'ignore_ament_install'
[0.451s] Level 1:colcon.colcon_core.package_identification:_identify(.) by extensions ['colcon_pkg']
[0.451s] Level 1:colcon.colcon_core.package_identification:_identify(.) by extension 'colcon_pkg'
[0.451s] Level 1:colcon.colcon_core.package_identification:_identify(.) by extensions ['colcon_meta']
[0.451s] Level 1:colcon.colcon_core.package_identification:_identify(.) by extension 'colcon_meta'
[0.451s] Level 1:colcon.colcon_core.package_identification:_identify(.) by extensions ['ros']
[0.451s] Level 1:colcon.colcon_core.package_identification:_identify(.) by extension 'ros'
[0.458s] Level 1:colcon.colcon_core.package_identification:_identify(.) by extensions ['cmake', 'python']
[0.459s] Level 1:colcon.colcon_core.package_identification:_identify(.) by extension 'cmake'
[0.459s] Level 1:colcon.colcon_core.package_identification:_identify(.) by extension 'python'
[0.459s] Level 1:colcon.colcon_core.package_identification:_identify(.) by extensions ['python_setup_py']
[0.459s] Level 1:colcon.colcon_core.package_identification:_identify(.) by extension 'python_setup_py'
[0.459s] Level 1:colcon.colcon_core.package_identification:_identify(build) by extensions ['ignore', 'ignore_ament_install']
[0.459s] Level 1:colcon.colcon_core.package_identification:_identify(build) by extension 'ignore'
[0.459s] Level 1:colcon.colcon_core.package_identification:_identify(build) ignored
[0.459s] Level 1:colcon.colcon_core.package_identification:_identify(doc) by extensions ['ignore', 'ignore_ament_install']
[0.459s] Level 1:colcon.colcon_core.package_identification:_identify(doc) by extension 'ignore'
[0.459s] Level 1:colcon.colcon_core.package_identification:_identify(doc) by extension 'ignore_ament_install'
[0.459s] Level 1:colcon.colcon_core.package_identification:_identify(doc) by extensions ['colcon_pkg']
[0.459s] Level 1:colcon.colcon_core.package_identification:_identify(doc) by extension 'colcon_pkg'
[0.459s] Level 1:colcon.colcon_core.package_identification:_identify(doc) by extensions ['colcon_meta']
[0.459s] Level 1:colcon.colcon_core.package_identification:_identify(doc) by extension 'colcon_meta'
[0.459s] Level 1:colcon.colcon_core.package_identification:_identify(doc) by extensions ['ros']
[0.459s] Level 1:colcon.colcon_core.package_identification:_identify(doc) by extension 'ros'
[0.459s] Level 1:colcon.colcon_core.package_identification:_identify(doc) by extensions ['cmake', 'python']
[0.459s] Level 1:colcon.colcon_core.package_identification:_identify(doc) by extension 'cmake'
[0.459s] Level 1:colcon.colcon_core.package_identification:_identify(doc) by extension 'python'
[0.459s] Level 1:colcon.colcon_core.package_identification:_identify(doc) by extensions ['python_setup_py']
[0.459s] Level 1:colcon.colcon_core.package_identification:_identify(doc) by extension 'python_setup_py'
[0.459s] Level 1:colcon.colcon_core.package_identification:_identify(doc/can) by extensions ['ignore', 'ignore_ament_install']
[0.459s] Level 1:colcon.colcon_core.package_identification:_identify(doc/can) by extension 'ignore'
[0.459s] Level 1:colcon.colcon_core.package_identification:_identify(doc/can) by extension 'ignore_ament_install'
[0.459s] Level 1:colcon.colcon_core.package_identification:_identify(doc/can) by extensions ['colcon_pkg']
[0.459s] Level 1:colcon.colcon_core.package_identification:_identify(doc/can) by extension 'colcon_pkg'
[0.459s] Level 1:colcon.colcon_core.package_identification:_identify(doc/can) by extensions ['colcon_meta']
[0.459s] Level 1:colcon.colcon_core.package_identification:_identify(doc/can) by extension 'colcon_meta'
[0.459s] Level 1:colcon.colcon_core.package_identification:_identify(doc/can) by extensions ['ros']
[0.459s] Level 1:colcon.colcon_core.package_identification:_identify(doc/can) by extension 'ros'
[0.459s] Level 1:colcon.colcon_core.package_identification:_identify(doc/can) by extensions ['cmake', 'python']
[0.459s] Level 1:colcon.colcon_core.package_identification:_identify(doc/can) by extension 'cmake'
[0.459s] Level 1:colcon.colcon_core.package_identification:_identify(doc/can) by extension 'python'
[0.459s] Level 1:colcon.colcon_core.package_identification:_identify(doc/can) by extensions ['python_setup_py']
[0.459s] Level 1:colcon.colcon_core.package_identification:_identify(doc/can) by extension 'python_setup_py'
[0.459s] Level 1:colcon.colcon_core.package_identification:_identify(doc/edu) by extensions ['ignore', 'ignore_ament_install']
[0.460s] Level 1:colcon.colcon_core.package_identification:_identify(doc/edu) by extension 'ignore'
[0.460s] Level 1:colcon.colcon_core.package_identification:_identify(doc/edu) by extension 'ignore_ament_install'
[0.460s] Level 1:colcon.colcon_core.package_identification:_identify(doc/edu) by extensions ['colcon_pkg']
[0.460s] Level 1:colcon.colcon_core.package_identification:_identify(doc/edu) by extension 'colcon_pkg'
[0.460s] Level 1:colcon.colcon_core.package_identification:_identify(doc/edu) by extensions ['colcon_meta']
[0.460s] Level 1:colcon.colcon_core.package_identification:_identify(doc/edu) by extension 'colcon_meta'
[0.460s] Level 1:colcon.colcon_core.package_identification:_identify(doc/edu) by extensions ['ros']
[0.460s] Level 1:colcon.colcon_core.package_identification:_identify(doc/edu) by extension 'ros'
[0.460s] Level 1:colcon.colcon_core.package_identification:_identify(doc/edu) by extensions ['cmake', 'python']
[0.460s] Level 1:colcon.colcon_core.package_identification:_identify(doc/edu) by extension 'cmake'
[0.460s] Level 1:colcon.colcon_core.package_identification:_identify(doc/edu) by extension 'python'
[0.460s] Level 1:colcon.colcon_core.package_identification:_identify(doc/edu) by extensions ['python_setup_py']
[0.460s] Level 1:colcon.colcon_core.package_identification:_identify(doc/edu) by extension 'python_setup_py'
[0.460s] Level 1:colcon.colcon_core.package_identification:_identify(doc/gui) by extensions ['ignore', 'ignore_ament_install']
[0.460s] Level 1:colcon.colcon_core.package_identification:_identify(doc/gui) by extension 'ignore'
[0.460s] Level 1:colcon.colcon_core.package_identification:_identify(doc/gui) by extension 'ignore_ament_install'
[0.460s] Level 1:colcon.colcon_core.package_identification:_identify(doc/gui) by extensions ['colcon_pkg']
[0.460s] Level 1:colcon.colcon_core.package_identification:_identify(doc/gui) by extension 'colcon_pkg'
[0.460s] Level 1:colcon.colcon_core.package_identification:_identify(doc/gui) by extensions ['colcon_meta']
[0.460s] Level 1:colcon.colcon_core.package_identification:_identify(doc/gui) by extension 'colcon_meta'
[0.460s] Level 1:colcon.colcon_core.package_identification:_identify(doc/gui) by extensions ['ros']
[0.460s] Level 1:colcon.colcon_core.package_identification:_identify(doc/gui) by extension 'ros'
[0.460s] Level 1:colcon.colcon_core.package_identification:_identify(doc/gui) by extensions ['cmake', 'python']
[0.460s] Level 1:colcon.colcon_core.package_identification:_identify(doc/gui) by extension 'cmake'
[0.460s] Level 1:colcon.colcon_core.package_identification:_identify(doc/gui) by extension 'python'
[0.460s] Level 1:colcon.colcon_core.package_identification:_identify(doc/gui) by extensions ['python_setup_py']
[0.460s] Level 1:colcon.colcon_core.package_identification:_identify(doc/gui) by extension 'python_setup_py'
[0.460s] Level 1:colcon.colcon_core.package_identification:_identify(doc/img) by extensions ['ignore', 'ignore_ament_install']
[0.460s] Level 1:colcon.colcon_core.package_identification:_identify(doc/img) by extension 'ignore'
[0.460s] Level 1:colcon.colcon_core.package_identification:_identify(doc/img) by extension 'ignore_ament_install'
[0.460s] Level 1:colcon.colcon_core.package_identification:_identify(doc/img) by extensions ['colcon_pkg']
[0.460s] Level 1:colcon.colcon_core.package_identification:_identify(doc/img) by extension 'colcon_pkg'
[0.460s] Level 1:colcon.colcon_core.package_identification:_identify(doc/img) by extensions ['colcon_meta']
[0.460s] Level 1:colcon.colcon_core.package_identification:_identify(doc/img) by extension 'colcon_meta'
[0.460s] Level 1:colcon.colcon_core.package_identification:_identify(doc/img) by extensions ['ros']
[0.460s] Level 1:colcon.colcon_core.package_identification:_identify(doc/img) by extension 'ros'
[0.460s] Level 1:colcon.colcon_core.package_identification:_identify(doc/img) by extensions ['cmake', 'python']
[0.460s] Level 1:colcon.colcon_core.package_identification:_identify(doc/img) by extension 'cmake'
[0.460s] Level 1:colcon.colcon_core.package_identification:_identify(doc/img) by extension 'python'
[0.460s] Level 1:colcon.colcon_core.package_identification:_identify(doc/img) by extensions ['python_setup_py']
[0.460s] Level 1:colcon.colcon_core.package_identification:_identify(doc/img) by extension 'python_setup_py'
[0.460s] Level 1:colcon.colcon_core.package_identification:_identify(install) by extensions ['ignore', 'ignore_ament_install']
[0.460s] Level 1:colcon.colcon_core.package_identification:_identify(install) by extension 'ignore'
[0.461s] Level 1:colcon.colcon_core.package_identification:_identify(install) ignored
[0.461s] Level 1:colcon.colcon_core.package_identification:_identify(log) by extensions ['ignore', 'ignore_ament_install']
[0.461s] Level 1:colcon.colcon_core.package_identification:_identify(log) by extension 'ignore'
[0.461s] Level 1:colcon.colcon_core.package_identification:_identify(log) ignored
[0.461s] Level 1:colcon.colcon_core.package_identification:_identify(rover_antenna) by extensions ['ignore', 'ignore_ament_install']
[0.461s] Level 1:colcon.colcon_core.package_identification:_identify(rover_antenna) by extension 'ignore'
[0.461s] Level 1:colcon.colcon_core.package_identification:_identify(rover_antenna) by extension 'ignore_ament_install'
[0.461s] Level 1:colcon.colcon_core.package_identification:_identify(rover_antenna) by extensions ['colcon_pkg']
[0.461s] Level 1:colcon.colcon_core.package_identification:_identify(rover_antenna) by extension 'colcon_pkg'
[0.461s] Level 1:colcon.colcon_core.package_identification:_identify(rover_antenna) by extensions ['colcon_meta']
[0.461s] Level 1:colcon.colcon_core.package_identification:_identify(rover_antenna) by extension 'colcon_meta'
[0.461s] Level 1:colcon.colcon_core.package_identification:_identify(rover_antenna) by extensions ['ros']
[0.461s] Level 1:colcon.colcon_core.package_identification:_identify(rover_antenna) by extension 'ros'
[0.462s] DEBUG:colcon.colcon_core.package_identification:Package 'rover_antenna' with type 'ros.ament_cmake' and name 'rover_antenna'
[0.462s] Level 1:colcon.colcon_core.package_identification:_identify(rover_can) by extensions ['ignore', 'ignore_ament_install']
[0.462s] Level 1:colcon.colcon_core.package_identification:_identify(rover_can) by extension 'ignore'
[0.462s] Level 1:colcon.colcon_core.package_identification:_identify(rover_can) by extension 'ignore_ament_install'
[0.462s] Level 1:colcon.colcon_core.package_identification:_identify(rover_can) by extensions ['colcon_pkg']
[0.463s] Level 1:colcon.colcon_core.package_identification:_identify(rover_can) by extension 'colcon_pkg'
[0.463s] Level 1:colcon.colcon_core.package_identification:_identify(rover_can) by extensions ['colcon_meta']
[0.463s] Level 1:colcon.colcon_core.package_identification:_identify(rover_can) by extension 'colcon_meta'
[0.463s] Level 1:colcon.colcon_core.package_identification:_identify(rover_can) by extensions ['ros']
[0.463s] Level 1:colcon.colcon_core.package_identification:_identify(rover_can) by extension 'ros'
[0.463s] DEBUG:colcon.colcon_core.package_identification:Package 'rover_can' with type 'ros.ament_cmake' and name 'rover_can'
[0.463s] Level 1:colcon.colcon_core.package_identification:_identify(rover_drive_train) by extensions ['ignore', 'ignore_ament_install']
[0.463s] Level 1:colcon.colcon_core.package_identification:_identify(rover_drive_train) by extension 'ignore'
[0.463s] Level 1:colcon.colcon_core.package_identification:_identify(rover_drive_train) by extension 'ignore_ament_install'
[0.463s] Level 1:colcon.colcon_core.package_identification:_identify(rover_drive_train) by extensions ['colcon_pkg']
[0.463s] Level 1:colcon.colcon_core.package_identification:_identify(rover_drive_train) by extension 'colcon_pkg'
[0.463s] Level 1:colcon.colcon_core.package_identification:_identify(rover_drive_train) by extensions ['colcon_meta']
[0.463s] Level 1:colcon.colcon_core.package_identification:_identify(rover_drive_train) by extension 'colcon_meta'
[0.463s] Level 1:colcon.colcon_core.package_identification:_identify(rover_drive_train) by extensions ['ros']
[0.463s] Level 1:colcon.colcon_core.package_identification:_identify(rover_drive_train) by extension 'ros'
[0.464s] DEBUG:colcon.colcon_core.package_identification:Package 'rover_drive_train' with type 'ros.ament_cmake' and name 'rover_drive_train'
[0.464s] Level 1:colcon.colcon_core.package_identification:_identify(rover_helper) by extensions ['ignore', 'ignore_ament_install']
[0.464s] Level 1:colcon.colcon_core.package_identification:_identify(rover_helper) by extension 'ignore'
[0.464s] Level 1:colcon.colcon_core.package_identification:_identify(rover_helper) by extension 'ignore_ament_install'
[0.464s] Level 1:colcon.colcon_core.package_identification:_identify(rover_helper) by extensions ['colcon_pkg']
[0.464s] Level 1:colcon.colcon_core.package_identification:_identify(rover_helper) by extension 'colcon_pkg'
[0.464s] Level 1:colcon.colcon_core.package_identification:_identify(rover_helper) by extensions ['colcon_meta']
[0.464s] Level 1:colcon.colcon_core.package_identification:_identify(rover_helper) by extension 'colcon_meta'
[0.464s] Level 1:colcon.colcon_core.package_identification:_identify(rover_helper) by extensions ['ros']
[0.464s] Level 1:colcon.colcon_core.package_identification:_identify(rover_helper) by extension 'ros'
[0.464s] DEBUG:colcon.colcon_core.package_identification:Package 'rover_helper' with type 'ros.ament_cmake' and name 'rover_helper'
[0.464s] Level 1:colcon.colcon_core.package_identification:_identify(rover_joy) by extensions ['ignore', 'ignore_ament_install']
[0.464s] Level 1:colcon.colcon_core.package_identification:_identify(rover_joy) by extension 'ignore'
[0.464s] Level 1:colcon.colcon_core.package_identification:_identify(rover_joy) by extension 'ignore_ament_install'
[0.464s] Level 1:colcon.colcon_core.package_identification:_identify(rover_joy) by extensions ['colcon_pkg']
[0.464s] Level 1:colcon.colcon_core.package_identification:_identify(rover_joy) by extension 'colcon_pkg'
[0.464s] Level 1:colcon.colcon_core.package_identification:_identify(rover_joy) by extensions ['colcon_meta']
[0.464s] Level 1:colcon.colcon_core.package_identification:_identify(rover_joy) by extension 'colcon_meta'
[0.465s] Level 1:colcon.colcon_core.package_identification:_identify(rover_joy) by extensions ['ros']
[0.465s] Level 1:colcon.colcon_core.package_identification:_identify(rover_joy) by extension 'ros'
[0.465s] DEBUG:colcon.colcon_core.package_identification:Package 'rover_joy' with type 'ros.ament_cmake' and name 'rover_joy'
[0.465s] Level 1:colcon.colcon_core.package_identification:_identify(rover_msgs) by extensions ['ignore', 'ignore_ament_install']
[0.465s] Level 1:colcon.colcon_core.package_identification:_identify(rover_msgs) by extension 'ignore'
[0.465s] Level 1:colcon.colcon_core.package_identification:_identify(rover_msgs) by extension 'ignore_ament_install'
[0.465s] Level 1:colcon.colcon_core.package_identification:_identify(rover_msgs) by extensions ['colcon_pkg']
[0.465s] Level 1:colcon.colcon_core.package_identification:_identify(rover_msgs) by extension 'colcon_pkg'
[0.465s] Level 1:colcon.colcon_core.package_identification:_identify(rover_msgs) by extensions ['colcon_meta']
[0.465s] Level 1:colcon.colcon_core.package_identification:_identify(rover_msgs) by extension 'colcon_meta'
[0.465s] Level 1:colcon.colcon_core.package_identification:_identify(rover_msgs) by extensions ['ros']
[0.465s] Level 1:colcon.colcon_core.package_identification:_identify(rover_msgs) by extension 'ros'
[0.465s] DEBUG:colcon.colcon_core.package_identification:Package 'rover_msgs' with type 'ros.ament_cmake' and name 'rover_msgs'
[0.465s] Level 1:colcon.colcon_core.package_identification:_identify(rover_security) by extensions ['ignore', 'ignore_ament_install']
[0.466s] Level 1:colcon.colcon_core.package_identification:_identify(rover_security) by extension 'ignore'
[0.466s] Level 1:colcon.colcon_core.package_identification:_identify(rover_security) by extension 'ignore_ament_install'
[0.466s] Level 1:colcon.colcon_core.package_identification:_identify(rover_security) by extensions ['colcon_pkg']
[0.466s] Level 1:colcon.colcon_core.package_identification:_identify(rover_security) by extension 'colcon_pkg'
[0.466s] Level 1:colcon.colcon_core.package_identification:_identify(rover_security) by extensions ['colcon_meta']
[0.466s] Level 1:colcon.colcon_core.package_identification:_identify(rover_security) by extension 'colcon_meta'
[0.466s] Level 1:colcon.colcon_core.package_identification:_identify(rover_security) by extensions ['ros']
[0.466s] Level 1:colcon.colcon_core.package_identification:_identify(rover_security) by extension 'ros'
[0.466s] DEBUG:colcon.colcon_core.package_identification:Package 'rover_security' with type 'ros.ament_cmake' and name 'rover_security'
[0.466s] Level 1:colcon.colcon_core.package_discovery:discover_packages(recursive) using defaults
[0.466s] Level 1:colcon.colcon_core.package_discovery:discover_packages(ignore) discover
[0.466s] Level 1:colcon.colcon_core.package_discovery:discover_packages(ignore) using defaults
[0.466s] Level 1:colcon.colcon_core.package_discovery:discover_packages(path) discover
[0.466s] Level 1:colcon.colcon_core.package_discovery:discover_packages(path) using defaults
[0.505s] Level 1:colcon.colcon_core.package_discovery:discover_packages(prefix_path) check parameters
[0.505s] Level 1:colcon.colcon_core.package_discovery:discover_packages(prefix_path) discover
[0.518s] DEBUG:colcon.colcon_installed_package_information.package_discovery:Found 7 installed packages in /home/emile/ros2_ws/install
[0.526s] DEBUG:colcon.colcon_installed_package_information.package_discovery:Found 284 installed packages in /opt/ros/humble
[0.526s] Level 1:colcon.colcon_core.package_discovery:discover_packages(prefix_path) using defaults
[0.575s] Level 5:colcon.colcon_core.verb:set package 'rover_msgs' build argument 'cmake_args' from command line to 'None'
[0.575s] Level 5:colcon.colcon_core.verb:set package 'rover_msgs' build argument 'cmake_target' from command line to 'None'
[0.575s] Level 5:colcon.colcon_core.verb:set package 'rover_msgs' build argument 'cmake_target_skip_unavailable' from command line to 'False'
[0.575s] Level 5:colcon.colcon_core.verb:set package 'rover_msgs' build argument 'cmake_clean_cache' from command line to 'False'
[0.575s] Level 5:colcon.colcon_core.verb:set package 'rover_msgs' build argument 'cmake_clean_first' from command line to 'False'
[0.575s] Level 5:colcon.colcon_core.verb:set package 'rover_msgs' build argument 'cmake_force_configure' from command line to 'False'
[0.575s] Level 5:colcon.colcon_core.verb:set package 'rover_msgs' build argument 'ament_cmake_args' from command line to 'None'
[0.575s] Level 5:colcon.colcon_core.verb:set package 'rover_msgs' build argument 'catkin_cmake_args' from command line to 'None'
[0.575s] Level 5:colcon.colcon_core.verb:set package 'rover_msgs' build argument 'catkin_skip_building_tests' from command line to 'False'
[0.575s] DEBUG:colcon.colcon_core.verb:Building package 'rover_msgs' with the following arguments: {'ament_cmake_args': None, 'build_base': '/home/emile/ros2_ws/src/rover/build/rover_msgs', 'catkin_cmake_args': None, 'catkin_skip_building_tests': False, 'cmake_args': None, 'cmake_clean_cache': False, 'cmake_clean_first': False, 'cmake_force_configure': False, 'cmake_target': None, 'cmake_target_skip_unavailable': False, 'install_base': '/home/emile/ros2_ws/src/rover/install/rover_msgs', 'merge_install': False, 'path': '/home/emile/ros2_ws/src/rover/rover_msgs', 'symlink_install': False, 'test_result_base': None}
[0.581s] Level 5:colcon.colcon_core.verb:set package 'rover_security' build argument 'cmake_args' from command line to 'None'
[0.581s] Level 5:colcon.colcon_core.verb:set package 'rover_security' build argument 'cmake_target' from command line to 'None'
[0.581s] Level 5:colcon.colcon_core.verb:set package 'rover_security' build argument 'cmake_target_skip_unavailable' from command line to 'False'
[0.581s] Level 5:colcon.colcon_core.verb:set package 'rover_security' build argument 'cmake_clean_cache' from command line to 'False'
[0.581s] Level 5:colcon.colcon_core.verb:set package 'rover_security' build argument 'cmake_clean_first' from command line to 'False'
[0.581s] Level 5:colcon.colcon_core.verb:set package 'rover_security' build argument 'cmake_force_configure' from command line to 'False'
[0.581s] Level 5:colcon.colcon_core.verb:set package 'rover_security' build argument 'ament_cmake_args' from command line to 'None'
[0.581s] Level 5:colcon.colcon_core.verb:set package 'rover_security' build argument 'catkin_cmake_args' from command line to 'None'
[0.581s] Level 5:colcon.colcon_core.verb:set package 'rover_security' build argument 'catkin_skip_building_tests' from command line to 'False'
[0.581s] DEBUG:colcon.colcon_core.verb:Building package 'rover_security' with the following arguments: {'ament_cmake_args': None, 'build_base': '/home/emile/ros2_ws/src/rover/build/rover_security', 'catkin_cmake_args': None, 'catkin_skip_building_tests': False, 'cmake_args': None, 'cmake_clean_cache': False, 'cmake_clean_first': False, 'cmake_force_configure': False, 'cmake_target': None, 'cmake_target_skip_unavailable': False, 'install_base': '/home/emile/ros2_ws/src/rover/install/rover_security', 'merge_install': False, 'path': '/home/emile/ros2_ws/src/rover/rover_security', 'symlink_install': False, 'test_result_base': None}
[0.587s] Level 5:colcon.colcon_core.verb:set package 'rover_antenna' build argument 'cmake_args' from command line to 'None'
[0.587s] Level 5:colcon.colcon_core.verb:set package 'rover_antenna' build argument 'cmake_target' from command line to 'None'
[0.587s] Level 5:colcon.colcon_core.verb:set package 'rover_antenna' build argument 'cmake_target_skip_unavailable' from command line to 'False'
[0.587s] Level 5:colcon.colcon_core.verb:set package 'rover_antenna' build argument 'cmake_clean_cache' from command line to 'False'
[0.587s] Level 5:colcon.colcon_core.verb:set package 'rover_antenna' build argument 'cmake_clean_first' from command line to 'False'
[0.587s] Level 5:colcon.colcon_core.verb:set package 'rover_antenna' build argument 'cmake_force_configure' from command line to 'False'
[0.587s] Level 5:colcon.colcon_core.verb:set package 'rover_antenna' build argument 'ament_cmake_args' from command line to 'None'
[0.587s] Level 5:colcon.colcon_core.verb:set package 'rover_antenna' build argument 'catkin_cmake_args' from command line to 'None'
[0.587s] Level 5:colcon.colcon_core.verb:set package 'rover_antenna' build argument 'catkin_skip_building_tests' from command line to 'False'
[0.587s] DEBUG:colcon.colcon_core.verb:Building package 'rover_antenna' with the following arguments: {'ament_cmake_args': None, 'build_base': '/home/emile/ros2_ws/src/rover/build/rover_antenna', 'catkin_cmake_args': None, 'catkin_skip_building_tests': False, 'cmake_args': None, 'cmake_clean_cache': False, 'cmake_clean_first': False, 'cmake_force_configure': False, 'cmake_target': None, 'cmake_target_skip_unavailable': False, 'install_base': '/home/emile/ros2_ws/src/rover/install/rover_antenna', 'merge_install': False, 'path': '/home/emile/ros2_ws/src/rover/rover_antenna', 'symlink_install': False, 'test_result_base': None}
[0.593s] Level 5:colcon.colcon_core.verb:set package 'rover_can' build argument 'cmake_args' from command line to 'None'
[0.593s] Level 5:colcon.colcon_core.verb:set package 'rover_can' build argument 'cmake_target' from command line to 'None'
[0.593s] Level 5:colcon.colcon_core.verb:set package 'rover_can' build argument 'cmake_target_skip_unavailable' from command line to 'False'
[0.593s] Level 5:colcon.colcon_core.verb:set package 'rover_can' build argument 'cmake_clean_cache' from command line to 'False'
[0.593s] Level 5:colcon.colcon_core.verb:set package 'rover_can' build argument 'cmake_clean_first' from command line to 'False'
[0.593s] Level 5:colcon.colcon_core.verb:set package 'rover_can' build argument 'cmake_force_configure' from command line to 'False'
[0.593s] Level 5:colcon.colcon_core.verb:set package 'rover_can' build argument 'ament_cmake_args' from command line to 'None'
[0.593s] Level 5:colcon.colcon_core.verb:set package 'rover_can' build argument 'catkin_cmake_args' from command line to 'None'
[0.593s] Level 5:colcon.colcon_core.verb:set package 'rover_can' build argument 'catkin_skip_building_tests' from command line to 'False'
[0.593s] DEBUG:colcon.colcon_core.verb:Building package 'rover_can' with the following arguments: {'ament_cmake_args': None, 'build_base': '/home/emile/ros2_ws/src/rover/build/rover_can', 'catkin_cmake_args': None, 'catkin_skip_building_tests': False, 'cmake_args': None, 'cmake_clean_cache': False, 'cmake_clean_first': False, 'cmake_force_configure': False, 'cmake_target': None, 'cmake_target_skip_unavailable': False, 'install_base': '/home/emile/ros2_ws/src/rover/install/rover_can', 'merge_install': False, 'path': '/home/emile/ros2_ws/src/rover/rover_can', 'symlink_install': False, 'test_result_base': None}
[0.598s] Level 5:colcon.colcon_core.verb:set package 'rover_drive_train' build argument 'cmake_args' from command line to 'None'
[0.598s] Level 5:colcon.colcon_core.verb:set package 'rover_drive_train' build argument 'cmake_target' from command line to 'None'
[0.598s] Level 5:colcon.colcon_core.verb:set package 'rover_drive_train' build argument 'cmake_target_skip_unavailable' from command line to 'False'
[0.598s] Level 5:colcon.colcon_core.verb:set package 'rover_drive_train' build argument 'cmake_clean_cache' from command line to 'False'
[0.598s] Level 5:colcon.colcon_core.verb:set package 'rover_drive_train' build argument 'cmake_clean_first' from command line to 'False'
[0.598s] Level 5:colcon.colcon_core.verb:set package 'rover_drive_train' build argument 'cmake_force_configure' from command line to 'False'
[0.598s] Level 5:colcon.colcon_core.verb:set package 'rover_drive_train' build argument 'ament_cmake_args' from command line to 'None'
[0.598s] Level 5:colcon.colcon_core.verb:set package 'rover_drive_train' build argument 'catkin_cmake_args' from command line to 'None'
[0.598s] Level 5:colcon.colcon_core.verb:set package 'rover_drive_train' build argument 'catkin_skip_building_tests' from command line to 'False'
[0.598s] DEBUG:colcon.colcon_core.verb:Building package 'rover_drive_train' with the following arguments: {'ament_cmake_args': None, 'build_base': '/home/emile/ros2_ws/src/rover/build/rover_drive_train', 'catkin_cmake_args': None, 'catkin_skip_building_tests': False, 'cmake_args': None, 'cmake_clean_cache': False, 'cmake_clean_first': False, 'cmake_force_configure': False, 'cmake_target': None, 'cmake_target_skip_unavailable': False, 'install_base': '/home/emile/ros2_ws/src/rover/install/rover_drive_train', 'merge_install': False, 'path': '/home/emile/ros2_ws/src/rover/rover_drive_train', 'symlink_install': False, 'test_result_base': None}
[0.604s] Level 5:colcon.colcon_core.verb:set package 'rover_helper' build argument 'cmake_args' from command line to 'None'
[0.604s] Level 5:colcon.colcon_core.verb:set package 'rover_helper' build argument 'cmake_target' from command line to 'None'
[0.604s] Level 5:colcon.colcon_core.verb:set package 'rover_helper' build argument 'cmake_target_skip_unavailable' from command line to 'False'
[0.604s] Level 5:colcon.colcon_core.verb:set package 'rover_helper' build argument 'cmake_clean_cache' from command line to 'False'
[0.604s] Level 5:colcon.colcon_core.verb:set package 'rover_helper' build argument 'cmake_clean_first' from command line to 'False'
[0.604s] Level 5:colcon.colcon_core.verb:set package 'rover_helper' build argument 'cmake_force_configure' from command line to 'False'
[0.604s] Level 5:colcon.colcon_core.verb:set package 'rover_helper' build argument 'ament_cmake_args' from command line to 'None'
[0.604s] Level 5:colcon.colcon_core.verb:set package 'rover_helper' build argument 'catkin_cmake_args' from command line to 'None'
[0.604s] Level 5:colcon.colcon_core.verb:set package 'rover_helper' build argument 'catkin_skip_building_tests' from command line to 'False'
[0.604s] DEBUG:colcon.colcon_core.verb:Building package 'rover_helper' with the following arguments: {'ament_cmake_args': None, 'build_base': '/home/emile/ros2_ws/src/rover/build/rover_helper', 'catkin_cmake_args': None, 'catkin_skip_building_tests': False, 'cmake_args': None, 'cmake_clean_cache': False, 'cmake_clean_first': False, 'cmake_force_configure': False, 'cmake_target': None, 'cmake_target_skip_unavailable': False, 'install_base': '/home/emile/ros2_ws/src/rover/install/rover_helper', 'merge_install': False, 'path': '/home/emile/ros2_ws/src/rover/rover_helper', 'symlink_install': False, 'test_result_base': None}
[0.611s] Level 5:colcon.colcon_core.verb:set package 'rover_joy' build argument 'cmake_args' from command line to 'None'
[0.611s] Level 5:colcon.colcon_core.verb:set package 'rover_joy' build argument 'cmake_target' from command line to 'None'
[0.611s] Level 5:colcon.colcon_core.verb:set package 'rover_joy' build argument 'cmake_target_skip_unavailable' from command line to 'False'
[0.611s] Level 5:colcon.colcon_core.verb:set package 'rover_joy' build argument 'cmake_clean_cache' from command line to 'False'
[0.611s] Level 5:colcon.colcon_core.verb:set package 'rover_joy' build argument 'cmake_clean_first' from command line to 'False'
[0.611s] Level 5:colcon.colcon_core.verb:set package 'rover_joy' build argument 'cmake_force_configure' from command line to 'False'
[0.611s] Level 5:colcon.colcon_core.verb:set package 'rover_joy' build argument 'ament_cmake_args' from command line to 'None'
[0.611s] Level 5:colcon.colcon_core.verb:set package 'rover_joy' build argument 'catkin_cmake_args' from command line to 'None'
[0.611s] Level 5:colcon.colcon_core.verb:set package 'rover_joy' build argument 'catkin_skip_building_tests' from command line to 'False'
[0.611s] DEBUG:colcon.colcon_core.verb:Building package 'rover_joy' with the following arguments: {'ament_cmake_args': None, 'build_base': '/home/emile/ros2_ws/src/rover/build/rover_joy', 'catkin_cmake_args': None, 'catkin_skip_building_tests': False, 'cmake_args': None, 'cmake_clean_cache': False, 'cmake_clean_first': False, 'cmake_force_configure': False, 'cmake_target': None, 'cmake_target_skip_unavailable': False, 'install_base': '/home/emile/ros2_ws/src/rover/install/rover_joy', 'merge_install': False, 'path': '/home/emile/ros2_ws/src/rover/rover_joy', 'symlink_install': False, 'test_result_base': None}
[0.617s] INFO:colcon.colcon_core.executor:Executing jobs using 'parallel' executor
[0.625s] DEBUG:colcon.colcon_parallel_executor.executor.parallel:run_until_complete
[0.625s] INFO:colcon.colcon_ros.task.ament_cmake.build:Building ROS package in '/home/emile/ros2_ws/src/rover/rover_msgs' with build type 'ament_cmake'
[0.625s] INFO:colcon.colcon_cmake.task.cmake.build:Building CMake package in '/home/emile/ros2_ws/src/rover/rover_msgs'
[0.633s] INFO:colcon.colcon_core.plugin_system:Skipping extension 'colcon_core.shell.bat': Not used on non-Windows systems
[0.633s] INFO:colcon.colcon_core.shell:Skip shell extension 'powershell' for command environment: Not usable outside of PowerShell
[0.633s] DEBUG:colcon.colcon_core.shell:Skip shell extension 'dsv' for command environment
[0.653s] INFO:colcon.colcon_ros.task.ament_cmake.build:Building ROS package in '/home/emile/ros2_ws/src/rover/rover_security' with build type 'ament_cmake'
[0.654s] INFO:colcon.colcon_cmake.task.cmake.build:Building CMake package in '/home/emile/ros2_ws/src/rover/rover_security'
[0.659s] INFO:colcon.colcon_core.shell:Skip shell extension 'powershell' for command environment: Not usable outside of PowerShell
[0.660s] DEBUG:colcon.colcon_core.shell:Skip shell extension 'dsv' for command environment
[0.683s] DEBUG:colcon.colcon_core.event_handler.log_command:Invoking command in '/home/emile/ros2_ws/src/rover/build/rover_msgs': CMAKE_PREFIX_PATH=${CMAKE_PREFIX_PATH}:/opt/ros/humble /usr/bin/cmake /home/emile/ros2_ws/src/rover/rover_msgs -DCMAKE_INSTALL_PREFIX=/home/emile/ros2_ws/src/rover/install/rover_msgs
[0.685s] DEBUG:colcon.colcon_core.event_handler.log_command:Invoking command in '/home/emile/ros2_ws/src/rover/build/rover_security': CMAKE_PREFIX_PATH=${CMAKE_PREFIX_PATH}:/opt/ros/humble /usr/bin/cmake /home/emile/ros2_ws/src/rover/rover_security -DCMAKE_INSTALL_PREFIX=/home/emile/ros2_ws/src/rover/install/rover_security
[1.509s] DEBUG:colcon.colcon_core.event_handler.log_command:Invoked command in '/home/emile/ros2_ws/src/rover/build/rover_security' returned '0': CMAKE_PREFIX_PATH=${CMAKE_PREFIX_PATH}:/opt/ros/humble /usr/bin/cmake /home/emile/ros2_ws/src/rover/rover_security -DCMAKE_INSTALL_PREFIX=/home/emile/ros2_ws/src/rover/install/rover_security
[1.509s] DEBUG:colcon.colcon_core.event_handler.log_command:Invoking command in '/home/emile/ros2_ws/src/rover/build/rover_security': CMAKE_PREFIX_PATH=${CMAKE_PREFIX_PATH}:/opt/ros/humble /usr/bin/cmake --build /home/emile/ros2_ws/src/rover/build/rover_security -- -j20 -l20
[1.651s] DEBUG:colcon.colcon_core.event_handler.log_command:Invoked command in '/home/emile/ros2_ws/src/rover/build/rover_msgs' returned '0': CMAKE_PREFIX_PATH=${CMAKE_PREFIX_PATH}:/opt/ros/humble /usr/bin/cmake /home/emile/ros2_ws/src/rover/rover_msgs -DCMAKE_INSTALL_PREFIX=/home/emile/ros2_ws/src/rover/install/rover_msgs
[1.651s] DEBUG:colcon.colcon_core.event_handler.log_command:Invoking command in '/home/emile/ros2_ws/src/rover/build/rover_msgs': CMAKE_PREFIX_PATH=${CMAKE_PREFIX_PATH}:/opt/ros/humble /usr/bin/cmake --build /home/emile/ros2_ws/src/rover/build/rover_msgs -- -j20 -l20
[2.229s] DEBUG:colcon.colcon_parallel_executor.executor.parallel:run_until_complete was interrupted
[2.230s] DEBUG:colcon.colcon_parallel_executor.executor.parallel:run_until_complete again
[2.239s] DEBUG:colcon.colcon_core.event_handler.log_command:Invoked command in '/home/emile/ros2_ws/src/rover/build/rover_security' returned '-2': CMAKE_PREFIX_PATH=${CMAKE_PREFIX_PATH}:/opt/ros/humble /usr/bin/cmake --build /home/emile/ros2_ws/src/rover/build/rover_security -- -j20 -l20
[2.245s] DEBUG:colcon.colcon_core.event_handler.log_command:Invoked command in '/home/emile/ros2_ws/src/rover/build/rover_msgs' returned '-2': CMAKE_PREFIX_PATH=${CMAKE_PREFIX_PATH}:/opt/ros/humble /usr/bin/cmake --build /home/emile/ros2_ws/src/rover/build/rover_msgs -- -j20 -l20
[2.268s] Level 1:colcon.colcon_core.environment:create_environment_scripts_only(rover_security)
[2.279s] Level 1:colcon.colcon_core.environment:checking '/home/emile/ros2_ws/src/rover/install/rover_security' for CMake module files
[2.279s] Level 1:colcon.colcon_core.environment:checking '/home/emile/ros2_ws/src/rover/install/rover_security' for CMake config files
[2.279s] Level 1:colcon.colcon_core.environment:checking '/home/emile/ros2_ws/src/rover/install/rover_security/bin'
[2.279s] Level 1:colcon.colcon_core.environment:checking '/home/emile/ros2_ws/src/rover/install/rover_security/lib/pkgconfig/rover_security.pc'
[2.279s] Level 1:colcon.colcon_core.environment:checking '/home/emile/ros2_ws/src/rover/install/rover_security/lib/python3.10/site-packages'
[2.279s] Level 1:colcon.colcon_core.environment:checking '/home/emile/ros2_ws/src/rover/install/rover_security/bin'
[2.288s] INFO:colcon.colcon_core.shell:Creating package script '/home/emile/ros2_ws/src/rover/install/rover_security/share/rover_security/package.ps1'
[2.289s] INFO:colcon.colcon_core.shell:Creating package descriptor '/home/emile/ros2_ws/src/rover/install/rover_security/share/rover_security/package.dsv'
[2.289s] INFO:colcon.colcon_core.shell:Creating package script '/home/emile/ros2_ws/src/rover/install/rover_security/share/rover_security/package.sh'
[2.290s] INFO:colcon.colcon_core.shell:Creating package script '/home/emile/ros2_ws/src/rover/install/rover_security/share/rover_security/package.bash'
[2.290s] INFO:colcon.colcon_core.shell:Creating package script '/home/emile/ros2_ws/src/rover/install/rover_security/share/rover_security/package.zsh'
[2.291s] Level 1:colcon.colcon_core.environment:create_file_with_runtime_dependencies(/home/emile/ros2_ws/src/rover/install/rover_security/share/colcon-core/packages/rover_security)
[2.402s] DEBUG:colcon.colcon_parallel_executor.executor.parallel:run_until_complete finished
[2.402s] DEBUG:colcon.colcon_parallel_executor.executor.parallel:closing loop
[2.402s] DEBUG:colcon.colcon_parallel_executor.executor.parallel:loop closed
[2.402s] DEBUG:colcon.colcon_core.event_reactor:joining thread
[2.415s] INFO:colcon.colcon_core.plugin_system:Skipping extension 'colcon_notification.desktop_notification.terminal_notifier': Not used on non-Darwin systems
[2.415s] INFO:colcon.colcon_core.plugin_system:Skipping extension 'colcon_notification.desktop_notification.win32': Not used on non-Windows systems
[2.415s] INFO:colcon.colcon_notification.desktop_notification:Sending desktop notification using 'notify2'
[2.423s] DEBUG:colcon.colcon_core.event_reactor:joined thread
[2.432s] INFO:colcon.colcon_core.shell:Creating prefix script '/home/emile/ros2_ws/src/rover/install/local_setup.ps1'
[2.433s] INFO:colcon.colcon_core.shell:Creating prefix util module '/home/emile/ros2_ws/src/rover/install/_local_setup_util_ps1.py'
[2.434s] INFO:colcon.colcon_core.shell:Creating prefix chain script '/home/emile/ros2_ws/src/rover/install/setup.ps1'
[2.443s] INFO:colcon.colcon_core.shell:Creating prefix script '/home/emile/ros2_ws/src/rover/install/local_setup.sh'
[2.444s] INFO:colcon.colcon_core.shell:Creating prefix util module '/home/emile/ros2_ws/src/rover/install/_local_setup_util_sh.py'
[2.444s] INFO:colcon.colcon_core.shell:Creating prefix chain script '/home/emile/ros2_ws/src/rover/install/setup.sh'
[2.463s] INFO:colcon.colcon_core.shell:Creating prefix script '/home/emile/ros2_ws/src/rover/install/local_setup.bash'
[2.463s] INFO:colcon.colcon_core.shell:Creating prefix chain script '/home/emile/ros2_ws/src/rover/install/setup.bash'
[2.472s] INFO:colcon.colcon_core.shell:Creating prefix script '/home/emile/ros2_ws/src/rover/install/local_setup.zsh'
[2.473s] INFO:colcon.colcon_core.shell:Creating prefix chain script '/home/emile/ros2_ws/src/rover/install/setup.zsh'
